Traceback (most recent call last):
  File "/Users/putriramadani/Documents/GitHub/automated-insilico-vaccinedesign/bin/screen_epitopes.py", line 88, in <module>
    main()
  File "/Users/putriramadani/Documents/GitHub/automated-insilico-vaccinedesign/bin/screen_epitopes.py", line 77, in main
    allergen = submit_to_allertop(ep, driver)
               ^^^^^^^^^^^^^^^^^^^^^^^^^^^^^^
  File "/Users/putriramadani/Documents/GitHub/automated-insilico-vaccinedesign/bin/screen_epitopes.py", line 21, in submit_to_allertop
    textarea = driver.find_element(By.NAME, "sequence")
               ^^^^^^^^^^^^^^^^^^^^^^^^^^^^^^^^^^^^^^^^
  File "/Users/putriramadani/.pyenv/versions/3.12.4/lib/python3.12/site-packages/selenium/webdriver/remote/webdriver.py", line 914, in find_element
    return self.execute(Command.FIND_ELEMENT, {"using": by, "value": value})["value"]
           ^^^^^^^^^^^^^^^^^^^^^^^^^^^^^^^^^^^^^^^^^^^^^^^^^^^^^^^^^^^^^^^^^
  File "/Users/putriramadani/.pyenv/versions/3.12.4/lib/python3.12/site-packages/selenium/webdriver/remote/webdriver.py", line 447, in execute
    self.error_handler.check_response(response)
  File "/Users/putriramadani/.pyenv/versions/3.12.4/lib/python3.12/site-packages/selenium/webdriver/remote/errorhandler.py", line 232, in check_response
    raise exception_class(message, screen, stacktrace)
selenium.common.exceptions.NoSuchElementException: Message: no such element: Unable to locate element: {"method":"css selector","selector":"[name="sequence"]"}
  (Session info: chrome=136.0.7103.114); For documentation on this error, please visit: https://www.selenium.dev/documentation/webdriver/troubleshooting/errors#no-such-element-exception
Stacktrace:
0   chromedriver                        0x00000001013383e0 cxxbridge1$str$ptr + 2829900
1   chromedriver                        0x00000001013306a8 cxxbridge1$str$ptr + 2797844
2   chromedriver                        0x0000000100e6dfbc cxxbridge1$string$len + 90140
3   chromedriver                        0x0000000100eb51bc cxxbridge1$string$len + 381468
4   chromedriver                        0x0000000100ef6044 cxxbridge1$string$len + 647332
5   chromedriver                        0x0000000100ea93f8 cxxbridge1$string$len + 332888
6   chromedriver                        0x00000001012fc804 cxxbridge1$str$ptr + 2585200
7   chromedriver                        0x00000001012ffad4 cxxbridge1$str$ptr + 2598208
8   chromedriver                        0x00000001012dddd8 cxxbridge1$str$ptr + 2459716
9   chromedriver                        0x000000010130034c cxxbridge1$str$ptr + 2600376
10  chromedriver                        0x00000001012cf664 cxxbridge1$str$ptr + 2400464
11  chromedriver                        0x00000001013202b0 cxxbridge1$str$ptr + 2731292
12  chromedriver                        0x000000010132043c cxxbridge1$str$ptr + 2731688
13  chromedriver                        0x00000001013302f4 cxxbridge1$str$ptr + 2796896
14  libsystem_pthread.dylib             0x000000019356ef94 _pthread_start + 136
15  libsystem_pthread.dylib             0x0000000193569d34 thread_start + 8

